<?xml version="1.0" encoding="UTF-8"?>
<testng-results ignored="0" total="1" passed="1" failed="0" skipped="0">
  <reporter-output>
  </reporter-output>
  <suite started-at="2025-05-02T11:52:09 IST" name="Default suite" finished-at="2025-05-02T11:52:11 IST" duration-ms="2097">
    <groups>
    </groups>
    <test started-at="2025-05-02T11:52:09 IST" name="Default test" finished-at="2025-05-02T11:52:11 IST" duration-ms="2097">
      <class name="Lib_AddBook_API.AddBook">
        <test-method is-config="true" signature="BaseUri()[pri:0, instance:Lib_AddBook_API.AddBook@496bc455]" started-at="2025-05-02T11:52:09 IST" name="BaseUri" finished-at="2025-05-02T11:52:09 IST" duration-ms="461" status="PASS">
          <reporter-output>
          </reporter-output>
        </test-method> <!-- BaseUri -->
        <test-method signature="MethodA()[pri:0, instance:Lib_AddBook_API.AddBook@496bc455]" started-at="2025-05-02T11:52:09 IST" name="MethodA" finished-at="2025-05-02T11:52:11 IST" duration-ms="1600" status="PASS">
          <reporter-output>
          </reporter-output>
        </test-method> <!-- MethodA -->
      </class> <!-- Lib_AddBook_API.AddBook -->
    </test> <!-- Default test -->
  </suite> <!-- Default suite -->
</testng-results>
